This is e-pTeX, Version 3.14159265-p3.5-130605-2.6 (utf8.sjis) (TeX Live 2014/W32TeX) (preloaded format=platex 2014.5.8)  25 JAN 2016 11:04
entering extended mode
 restricted \write18 enabled.
 %&-line parsing enabled.
**2_background.tex
(./2_background.tex
pLaTeX2e <2006/11/10> (based on LaTeX2e <2014/05/01> patch level 0)
Babel <3.9k> and hyphenation patterns for 78 languages loaded.
! Undefined control sequence.
l.1 \chapter
            {ドッキングシミュレーションによる薬物候補化合物の選別}
? 
! Emergency stop.
l.1 \chapter
            {ドッキングシミュレーションによる薬物候補化合物の選別}
End of file on the terminal!

 
Here is how much of TeX's memory you used:
 5 strings out of 493807
 74 string characters out of 6153780
 53144 words of memory out of 5000000
 3569 multiletter control sequences out of 15000+600000
 7519 words of font info for 31 fonts, out of 8000000 for 9000
 929 hyphenation exceptions out of 8191
 5i,0n,1p,81b,8s stack positions out of 5000i,500n,10000p,500000b,80000s
No pages of output.
