This is e-pTeX, Version 3.1415926-p3.4-130605-2.6 (utf8.sjis) (TeX Live 2013/W32TeX) (format=platex 2013.6.5)  8 FEB 2016 10:23
entering extended mode
 restricted \write18 enabled.
 %&-line parsing enabled.
**6_conclusion.tex
(./6_conclusion.tex
pLaTeX2e <2006/11/10>+0 (based on LaTeX2e <2011/06/27> patch level 0)
Babel <3.9f> and hyphenation patterns for 78 languages loaded.
! Undefined control sequence.
l.1 \chapter
            {結論}
? 
! Emergency stop.
l.1 \chapter
            {結論}
End of file on the terminal!

 
Here is how much of TeX's memory you used:
 5 strings out of 494001
 74 string characters out of 6156041
 53180 words of memory out of 5000000
 3561 multiletter control sequences out of 15000+600000
 7519 words of font info for 31 fonts, out of 8000000 for 9000
 745 hyphenation exceptions out of 8191
 5i,0n,1p,33b,8s stack positions out of 5000i,500n,10000p,500000b,80000s
No pages of output.
