This is e-pTeX, Version 3.1415926-p3.4-130605-2.6 (utf8.sjis) (TeX Live 2013/W32TeX) (format=platex 2013.6.5)  8 FEB 2016 10:35
entering extended mode
 restricted \write18 enabled.
 %&-line parsing enabled.
**main.tex
(./main.tex
pLaTeX2e <2006/11/10>+0 (based on LaTeX2e <2011/06/27> patch level 0)
Babel <3.9f> and hyphenation patterns for 78 languages loaded.
(c:/w32tex/share/texmf-dist/tex/platex/base/jreport.cls
Document Class: jreport 2006/06/27 v1.6 Standard pLaTeX class
\c@@paper=\count81
(c:/w32tex/share/texmf-dist/tex/platex/base/jsize11.clo
File: jsize11.clo 2006/06/27 v1.6 Standard pLaTeX file (size option)
)
\c@part=\count82
\c@chapter=\count83
\c@section=\count84
\c@subsection=\count85
\c@subsubsection=\count86
\c@paragraph=\count87
\c@subparagraph=\count88
\c@figure=\count89
\c@table=\count90
\abovecaptionskip=\skip41
\belowcaptionskip=\skip42
\symmincho=\mathgroup4
LaTeX Font Info:    Overwriting symbol font `mincho' in version `bold'
(Font)                  JY1/mc/m/n --> JY1/gt/m/n on input line 677.
\toclineskip=\dimen118
\@lnumwidth=\dimen119
\bibindent=\dimen120
\heisei=\count91
)
(c:/w32tex/share/texmf-dist/tex/latex/psnfss/pifont.sty
Package: pifont 2005/04/12 PSNFSS-v9.2a Pi font support (SPQR) 

(I search kanjifont definition file: . . ) (I search font definition file: . .
. . . . . )
LaTeX Font Info:    Try loading font information for U+pzd on input line 63.
 (c:/w32tex/share/texmf-dist/tex/latex/psnfss/upzd.fd
File: upzd.fd 2001/06/04 font definitions for U/pzd.
)
(I search kanjifont definition file: . . ) (I search font definition file: . .
. . . . . )
LaTeX Font Info:    Try loading font information for U+psy on input line 64.
 (c:/w32tex/share/texmf-dist/tex/latex/psnfss/upsy.fd
File: upsy.fd 2001/06/04 font definitions for U/psy.
))
(./bachelor.sty
\lineheight=\dimen121
\blankline=\dimen122
) (./tabularx.sty
Package: tabularx 1999/01/07 v2.07 `tabularx' package (DPC)

(c:/w32tex/share/texmf-dist/tex/latex/tools/array.sty
Package: array 2008/09/09 v2.4c Tabular extension package (FMi)
\col@sep=\dimen123
\extrarowheight=\dimen124
\NC@list=\toks15
\extratabsurround=\skip43
\backup@length=\skip44
)
\TX@col@width=\dimen125
\TX@old@table=\dimen126
\TX@old@col=\dimen127
\TX@target=\dimen128
\TX@delta=\dimen129
\TX@cols=\count92
\TX@ftn=\toks16
)
(c:/w32tex/share/texmf-dist/tex/latex/float/float.sty
Package: float 2001/11/08 v1.3d Float enhancements (AL)
\c@float@type=\count93
\float@exts=\toks17
\float@box=\box41
\@float@everytoks=\toks18
\@floatcapt=\box42
) (./tascmac.sty
\@savetbaselineshift=\dimen130
\@saveybaselineshift=\dimen131
\scb@x=\box43
\scscb@x=\box44
\@bw=\dimen132
\@nbox=\box45
\@nbody=\box46
\@scw=\dimen133
\@itemh=\dimen134
\@iboxpos=\toks19
\@iboxstr=\box47
\@bwsp=\box48
\@@bwsp=\box49
\@bcal=\count94
\shaderule=\dimen135
)
(c:/w32tex/share/texmf-dist/tex/latex/amsmath/amsmath.sty
Package: amsmath 2013/01/14 v2.14 AMS math features
\@mathmargin=\skip45

For additional information on amsmath, use the `?' option.
(c:/w32tex/share/texmf-dist/tex/latex/amsmath/amstext.sty
Package: amstext 2000/06/29 v2.01

(c:/w32tex/share/texmf-dist/tex/latex/amsmath/amsgen.sty
File: amsgen.sty 1999/11/30 v2.0
\@emptytoks=\toks20
\ex@=\dimen136
))
(c:/w32tex/share/texmf-dist/tex/latex/amsmath/amsbsy.sty
Package: amsbsy 1999/11/29 v1.2d
\pmbraise@=\dimen137
)
(c:/w32tex/share/texmf-dist/tex/latex/amsmath/amsopn.sty
Package: amsopn 1999/12/14 v2.01 operator names
)
\inf@bad=\count95
LaTeX Info: Redefining \frac on input line 210.
\uproot@=\count96
\leftroot@=\count97
LaTeX Info: Redefining \overline on input line 306.
\classnum@=\count98
\DOTSCASE@=\count99
LaTeX Info: Redefining \ldots on input line 378.
LaTeX Info: Redefining \dots on input line 381.
LaTeX Info: Redefining \cdots on input line 466.
\Mathstrutbox@=\box50
\strutbox@=\box51
\big@size=\dimen138
LaTeX Font Info:    Redeclaring font encoding OML on input line 566.
LaTeX Font Info:    Redeclaring font encoding OMS on input line 567.
\macc@depth=\count100
\c@MaxMatrixCols=\count101
\dotsspace@=\muskip10
\c@parentequation=\count102
\dspbrk@lvl=\count103
\tag@help=\toks21
\row@=\count104
\column@=\count105
\maxfields@=\count106
\andhelp@=\toks22
\eqnshift@=\dimen139
\alignsep@=\dimen140
\tagshift@=\dimen141
\tagwidth@=\dimen142
\totwidth@=\dimen143
\lineht@=\dimen144
\@envbody=\toks23
\multlinegap=\skip46
\multlinetaggap=\skip47
\mathdisplay@stack=\toks24
LaTeX Info: Redefining \[ on input line 2665.
LaTeX Info: Redefining \] on input line 2666.
)
(c:/w32tex/share/texmf-dist/tex/latex/amsfonts/amssymb.sty
Package: amssymb 2013/01/14 v3.01 AMS font symbols

(c:/w32tex/share/texmf-dist/tex/latex/amsfonts/amsfonts.sty
Package: amsfonts 2013/01/14 v3.01 Basic AMSFonts support
\symAMSa=\mathgroup5
\symAMSb=\mathgroup6
LaTeX Font Info:    Overwriting math alphabet `\mathfrak' in version `bold'
(Font)                  U/euf/m/n --> U/euf/b/n on input line 106.
))
(c:/w32tex/share/texmf-dist/tex/latex/tools/bm.sty
Package: bm 2004/02/26 v1.1c Bold Symbol Support (DPC/FMi)
\symboldoperators=\mathgroup7
\symboldletters=\mathgroup8
\symboldsymbols=\mathgroup9
\symboldmincho=\mathgroup10
LaTeX Font Info:    Redeclaring math alphabet \mathbf on input line 138.
LaTeX Info: Redefining \bm on input line 204.
) (./eclbkbox.sty
\bk@bxb=\box52
\bk@bxa=\box53
\bk@lcnt=\count107
)
(./multirow.sty
\bigstrutjot=\dimen145
) (c:/w32tex/share/texmf-dist/tex/latex/graphics/lscape.sty
Package: lscape 2000/10/22 v3.01 Landscape Pages (DPC)

(c:/w32tex/share/texmf-dist/tex/latex/graphics/graphics.sty
Package: graphics 2009/02/05 v1.0o Standard LaTeX Graphics (DPC,SPQR)

(c:/w32tex/share/texmf-dist/tex/latex/graphics/trig.sty
Package: trig 1999/03/16 v1.09 sin cos tan (DPC)
)
(c:/w32tex/share/texmf-dist/tex/latex/config/graphics.cfg
File: graphics.cfg 2010/04/23 v1.9 graphics configuration of TeX Live
)
Package graphics Info: Driver file: dvips.def on input line 91.

(c:/w32tex/share/texmf-dist/tex/latex/graphics/dvips.def
File: dvips.def 1999/02/16 v3.0i Driver-dependant file (DPC,SPQR)
)))
(c:/w32tex/share/texmf-dist/tex/latex/url/url.sty
\Urlmuskip=\muskip11
Package: url 2006/04/12  ver 3.3  Verb mode for urls, etc.
) (./overcite.sty
Package: overcite 2003/05/27  v 4.0
) (./cite.sty
LaTeX Info: Redefining \cite on input line 149.
LaTeX Info: Redefining \nocite on input line 214.
Package: cite 2003/11/04  v 4.01
LaTeX Info: Redefining \cite on input line 282.
) (c:/w32tex/share/texmf-dist/tex/latex/graphics/color.sty
Package: color 2005/11/14 v1.0j Standard LaTeX Color (DPC)

(c:/w32tex/share/texmf-dist/tex/latex/config/color.cfg
File: color.cfg 2007/01/18 v1.5 color configuration of teTeX/TeXLive
)
Package color Info: Driver file: dvipdfmx.def on input line 130.

(c:/w32tex/share/texmf-dist/tex/latex/graphics/dvipdfmx.def
File: dvipdfmx.def 2013/09/21 v3.3 LaTeX graphics driver for dvipdfmx (TeX Live
/ChoF)
)
(c:/w32tex/share/texmf-dist/tex/latex/graphics/dvipsnam.def
File: dvipsnam.def 1999/02/16 v3.0i Driver-dependant file (DPC,SPQR)
))
(c:/w32tex/share/texmf-dist/tex/latex/graphics/graphicx.sty
Package: graphicx 1999/02/16 v1.0f Enhanced LaTeX Graphics (DPC,SPQR)

(c:/w32tex/share/texmf-dist/tex/latex/graphics/keyval.sty
Package: keyval 1999/03/16 v1.13 key=value parser (DPC)
\KV@toks@=\toks25
)
\Gin@req@height=\dimen146
\Gin@req@width=\dimen147
) (./colortbl.sty
Package: colortbl 2001/02/13 v0.1j Color table columns (DPC)
\everycr=\toks26
\minrowclearance=\skip48
)
(c:/w32tex/share/texmf-dist/tex/latex/fancybox/fancybox.sty
Package: fancybox 2010/05/15 1.4

Style option: `fancybox' v1.4 <2010/05/15> (tvz)
\@fancybox=\box54
\shadowsize=\dimen148
\@Sbox=\box55
\do@VerbBox=\toks27
\the@fancyput=\toks28
\this@fancyput=\toks29
\EndVerbatimTokens=\toks30
\Verbatim@Outfile=\write3
\Verbatim@Infile=\read1
) (./main.aux)
\openout1 = `main.aux'.

LaTeX Font Info:    Checking defaults for OML/cmm/m/it on input line 67.
LaTeX Font Info:    ... okay on input line 67.
LaTeX Font Info:    Checking defaults for T1/cmr/m/n on input line 67.
LaTeX Font Info:    ... okay on input line 67.
LaTeX Font Info:    Checking defaults for OT1/cmr/m/n on input line 67.
LaTeX Font Info:    ... okay on input line 67.
LaTeX Font Info:    Checking defaults for OMS/cmsy/m/n on input line 67.
LaTeX Font Info:    ... okay on input line 67.
LaTeX Font Info:    Checking defaults for OMX/cmex/m/n on input line 67.
LaTeX Font Info:    ... okay on input line 67.
LaTeX Font Info:    Checking defaults for U/cmr/m/n on input line 67.
LaTeX Font Info:    ... okay on input line 67.
LaTeX Font Info:    Checking defaults for JY1/mc/m/n on input line 67.
LaTeX Font Info:    ... okay on input line 67.
LaTeX Font Info:    Checking defaults for JT1/mc/m/n on input line 67.
LaTeX Font Info:    ... okay on input line 67.
 (./title.tex)
Overfull \hbox (438.17014pt too wide) detected at line 71
[]
 []

LaTeX Font Info:    Font shape `JT1/mc/bx/n' in size <10.95> not available
(Font)              Font shape `JT1/gt/m/n' tried instead on input line 71.
LaTeX Font Info:    Font shape `JY1/mc/bx/n' in size <10.95> not available
(Font)              Font shape `JY1/gt/m/n' tried instead on input line 71.
LaTeX Font Info:    Font shape `JT1/mc/bx/n' in size <17.28> not available
(Font)              Font shape `JT1/gt/m/n' tried instead on input line 71.
LaTeX Font Info:    Font shape `JY1/mc/bx/n' in size <17.28> not available
(Font)              Font shape `JY1/gt/m/n' tried instead on input line 71.
[1


] [1

] (./0_abstract.tex
LaTeX Font Info:    Font shape `JT1/mc/bx/n' in size <12> not available
(Font)              Font shape `JT1/gt/m/n' tried instead on input line 8.
LaTeX Font Info:    Font shape `JY1/mc/bx/n' in size <12> not available
(Font)              Font shape `JY1/gt/m/n' tried instead on input line 8.
LaTeX Font Info:    Try loading font information for U+msa on input line 12.

(c:/w32tex/share/texmf-dist/tex/latex/amsfonts/umsa.fd
File: umsa.fd 2013/01/14 v3.01 AMS symbols A
)
LaTeX Font Info:    Try loading font information for U+msb on input line 12.

(c:/w32tex/share/texmf-dist/tex/latex/amsfonts/umsb.fd
File: umsb.fd 2013/01/14 v3.01 AMS symbols B
) [2

]) [2]
LaTeX Font Info:    Font shape `JT1/mc/bx/n' in size <20.74> not available
(Font)              Font shape `JT1/gt/m/n' tried instead on input line 84.
LaTeX Font Info:    Font shape `JY1/mc/bx/n' in size <20.74> not available
(Font)              Font shape `JY1/gt/m/n' tried instead on input line 84.
 (./main.toc
LaTeX Font Info:    Font shape `JT1/mc/bx/n' in size <9> not available
(Font)              Font shape `JT1/gt/m/n' tried instead on input line 30.
LaTeX Font Info:    Font shape `JY1/mc/bx/n' in size <9> not available
(Font)              Font shape `JY1/gt/m/n' tried instead on input line 30.

[1

])
\tf@toc=\write4
\openout4 = `main.toc'.

 [2] (./main.lof [3

])
\tf@lof=\write5
\openout5 = `main.lof'.

 [4] (./main.lot [5

])
\tf@lot=\write6
\openout6 = `main.lot'.

 [6] (./1_introduction.tex
第1章 序論
LaTeX Font Info:    Font shape `JT1/mc/bx/n' in size <24.88> not available
(Font)              Font shape `JT1/gt/m/n' tried instead on input line 1.
LaTeX Font Info:    Font shape `JY1/mc/bx/n' in size <24.88> not available
(Font)              Font shape `JY1/gt/m/n' tried instead on input line 1.
LaTeX Font Info:    Font shape `JT1/mc/bx/n' in size <14.4> not available
(Font)              Font shape `JT1/gt/m/n' tried instead on input line 2.
LaTeX Font Info:    Font shape `JY1/mc/bx/n' in size <14.4> not available
(Font)              Font shape `JY1/gt/m/n' tried instead on input line 2.
LaTeX Font Info:    Try loading font information for OMS+cmr on input line 11.
(c:/w32tex/share/texmf-dist/tex/latex/base/omscmr.fd
File: omscmr.fd 1999/05/25 v2.5h Standard LaTeX font definitions
)
LaTeX Font Info:    Font shape `OMS/cmr/m/n' in size <10.95> not available
(Font)              Font shape `OMS/cmsy/m/n' tried instead on input line 11.
 [1

]) (./2_background.tex
[2] [3]
第2章 ドッキングシミュレーションによる薬物候補化合物の選別
File: ./fig/background/docking_image.eps Graphic file (type eps)
<./fig/background/docking_image.eps> [4

]

LaTeX Font Warning: Font shape `JT1/mc/m/it' undefined
(Font)              using `JT1/mc/m/n' instead on input line 41.


LaTeX Font Warning: Font shape `JY1/mc/m/it' undefined
(Font)              using `JY1/mc/m/n' instead on input line 41.


Overfull \hbox (4.46649pt too wide) in paragraph at lines 38--50
 [][] 
 []

[5]
File: ./fig/background/ドッキングの次元.pdf Graphic file (type pdf)
 <./fig/background/ドッキングの次元.pdf> [6]
File: ./fig/background/glide.png Graphic file (type bmp)
 <./fig/background/glide.png>
File: ./fig/background/eHiTS_clique.eps Graphic file (type eps)

<./fig/background/eHiTS_clique.eps>
File: ./fig/background/AutoDock_gene.eps Graphic file (type eps)
 <./fig/background/AutoDock_gene.eps>
[7] [8] [9]
LaTeX Font Info:    Font shape `JT1/mc/bx/n' in size <8> not available
(Font)              Font shape `JT1/gt/m/n' tried instead on input line 190.
LaTeX Font Info:    Font shape `JY1/mc/bx/n' in size <8> not available
(Font)              Font shape `JY1/gt/m/n' tried instead on input line 190.
 [10]
File: ./fig/background/proposal_aim.pdf Graphic file (type pdf)
 <./fig/background/proposal_aim.pdf>) (./3_method.tex [11]
[12]
第3章 提案手法：化合物の部分構造を利用したフィルタリング（プレドッキング）手法
の開発
[13

]
File: ./fig/method/fragments_aa2ar.png Graphic file (type bmp)
 <./fig/method/fragments_aa2ar.png> [14]
File: ./fig/method/proposal_workflow.eps Graphic file (type eps)

<./fig/method/proposal_workflow.eps>

LaTeX Warning: Float too large for page by 31.4343pt on input line 76.

[15] [16]
File: ./fig/method/decomposition.eps Graphic file (type eps)
 <./fig/method/decomposition.eps>
File: ./fig/method/decomposition_zinc.eps Graphic file (type eps)

<./fig/method/decomposition_zinc.eps> [17]
File: ./fig/method/score_1.png Graphic file (type bmp)
 <./fig/method/score_1.png>
File: ./fig/method/score_2.png Graphic file (type bmp)

<./fig/method/score_2.png>
Overfull \hbox (2.43333pt too wide) in paragraph at lines 133--143
[]$[]$ $[]$ 
 []

[18] [19]
File: ./fig/method/scoring.pdf Graphic file (type pdf)
 <./fig/method/scoring.pdf>
File: ./fig/method/maxsumBS.pdf Graphic file (type pdf)
 <./fig/method/maxsumBS.pdf>)
(./4_result.tex [20] [21]
第4章 実験
[22

]
File: ./fig/result/roc計算例.eps Graphic file (type eps)
 <./fig/result/roc計算例.eps>
File: ./fig/result/ef計算例.eps Graphic file (type eps)
 <./fig/result/ef計算例.eps> [23] [24]
File: ./fig/result/ターゲットに対するフラグメント数.eps Graphic file (type eps)


<./fig/result/ターゲットに対するフラグメント数.eps> [25]
Overfull \hbox (13.85121pt too wide) in paragraph at lines 145--158
 [][] 
 []

[26] [27]
File: ./fig/result/filtering_image.pdf Graphic file (type pdf)
 <./fig/result/filtering_image.pdf> [28] [29]) (./5_discussion.tex
[30]
第5章 考察
File: ./fig/discussion/no_omit_score.eps Graphic file (type eps)
<./fig/discussion/no_omit_score.eps> [31

] [32] [33]

LaTeX Warning: Command \r invalid in math mode on input line 144.


Overfull \hbox (1.93707pt too wide) in paragraph at lines 142--152
 [][] 
 []

[34]
File: ./fig/discussion/drugs_decomposition.eps Graphic file (type eps)
 <./fig/discussion/drugs_decomposition.eps> [35] [36] [37])
(./6_conclusion.tex [38]
第6章 結論
[39



]
Overfull \hbox (1.75493pt too wide) in paragraph at lines 39--51
 [][] 
 []

[40]) [41] (./7_acknowledgement.tex) [42

] (./8_bib.tex (./main.bbl

LaTeX Font Warning: Font shape `JT1/gt/m/it' undefined
(Font)              using `JT1/gt/m/n' instead on input line 7.


LaTeX Font Warning: Font shape `JY1/gt/m/it' undefined
(Font)              using `JY1/gt/m/n' instead on input line 7.

[43


] [44] [45])) [46] (./9_appendix.tex
付録A DUD-Eデータセットの詳細
[47

] [48]
Underfull \hbox (badness 1248) in paragraph at lines 58--58
[]|\OT1/cmr/m/n/10.95 Serine / threonine-protein ki-nase
 []


Underfull \hbox (badness 1248) in paragraph at lines 59--59
[]|\OT1/cmr/m/n/10.95 Serine / threonine-protein ki-nase
 []


Underfull \hbox (badness 1484) in paragraph at lines 75--75
[]|\OT1/cmr/m/n/10.95 11-beta-hydroxysteroid de-hy-dro-ge-
 []


LaTeX Warning: Float too large for page by 5.84973pt on input line 79.


Underfull \hbox (badness 10000) in paragraph at lines 94--94
[]|\OT1/cmr/m/n/10.95 Fatty acid bind-ing pro-tein
 []


Underfull \hbox (badness 10000) in paragraph at lines 102--102
[]|\OT1/cmr/m/n/10.95 Glutamate re-cep-tor ionotropic,
 []


Underfull \hbox (badness 10000) in paragraph at lines 103--103
[]|\OT1/cmr/m/n/10.95 Glutamate re-cep-tor ionotropic
 []


Underfull \hbox (badness 10000) in paragraph at lines 106--106
[]|\OT1/cmr/m/n/10.95 Human im-mun-od-e-fi-ciency virus
 []


Underfull \hbox (badness 10000) in paragraph at lines 107--107
[]|\OT1/cmr/m/n/10.95 Human im-mun-od-e-fi-ciency virus
 []


Underfull \hbox (badness 10000) in paragraph at lines 108--108
[]|\OT1/cmr/m/n/10.95 Human im-mun-od-e-fi-ciency virus
 []


LaTeX Warning: Float too large for page by 5.8498pt on input line 112.


Underfull \hbox (badness 10000) in paragraph at lines 123--123
[]|\OT1/cmr/m/n/10.95 Enoyl-[acyl-carrier-protein] re-duc-
 []


Underfull \hbox (badness 6173) in paragraph at lines 124--124
[]|\OT1/cmr/m/n/10.95 Leukocyte ad-he-sion gly-co-pro-tein
 []


LaTeX Warning: Float too large for page by 5.84972pt on input line 150.


Underfull \hbox (badness 1248) in paragraph at lines 158--158
[]|\OT1/cmr/m/n/10.95 Serine / threonine-protein ki-nase
 []


Underfull \hbox (badness 10000) in paragraph at lines 160--160
[]|\OT1/cmr/m/n/10.95 Peroxisome proliferator-activated
 []


Underfull \hbox (badness 10000) in paragraph at lines 161--161
[]|\OT1/cmr/m/n/10.95 Peroxisome proliferator-activated
 []


Underfull \hbox (badness 10000) in paragraph at lines 162--162
[]|\OT1/cmr/m/n/10.95 Peroxisome proliferator-activated
 []


Underfull \hbox (badness 1248) in paragraph at lines 181--181
[]|\OT1/cmr/m/n/10.95 Serine / threonine-protein ki-nase
 []


LaTeX Warning: Float too large for page by 5.84976pt on input line 184.

[49] [50] [51] [52]
付録B 各手法を単体で用いた場合のROC曲線
(./appendix_roc.tex
File: ./fig/appendix/aa2ar_gscore_ROC.pdf Graphic file (type pdf)
 <./fig/appendix/aa2ar_gscore_ROC.pdf>
File: ./fig/appendix/abl1_gscore_ROC.pdf Graphic file (type pdf)

<./fig/appendix/abl1_gscore_ROC.pdf>
File: ./fig/appendix/ace_gscore_ROC.pdf Graphic file (type pdf)
 <./fig/appendix/ace_gscore_ROC.pdf>
File: ./fig/appendix/aces_gscore_ROC.pdf Graphic file (type pdf)

<./fig/appendix/aces_gscore_ROC.pdf>
File: ./fig/appendix/ada_gscore_ROC.pdf Graphic file (type pdf)
 <./fig/appendix/ada_gscore_ROC.pdf>
File: ./fig/appendix/ada17_gscore_ROC.pdf Graphic file (type pdf)

<./fig/appendix/ada17_gscore_ROC.pdf>
Underfull \hbox (badness 3803) in paragraph at lines 4--34
[]$[]$ $[]$
 []


Underfull \hbox (badness 3803) in paragraph at lines 4--34
[]$ $[]$
 []


LaTeX Warning: Float too large for page by 22.5052pt on input line 36.

File: ./fig/appendix/adrb1_gscore_ROC.pdf Graphic file (type pdf)
<./fig/appendix/adrb1_gscore_ROC.pdf>
File: ./fig/appendix/adrb2_gscore_ROC.pdf Graphic file (type pdf)
 <./fig/appendix/adrb2_gscore_ROC.pdf>
File: ./fig/appendix/akt1_gscore_ROC.pdf Graphic file (type pdf)

<./fig/appendix/akt1_gscore_ROC.pdf>
File: ./fig/appendix/akt2_gscore_ROC.pdf Graphic file (type pdf)
 <./fig/appendix/akt2_gscore_ROC.pdf>
File: ./fig/appendix/aldr_gscore_ROC.pdf Graphic file (type pdf)

<./fig/appendix/aldr_gscore_ROC.pdf>
File: ./fig/appendix/ampc_gscore_ROC.pdf Graphic file (type pdf)
 <./fig/appendix/ampc_gscore_ROC.pdf>
Underfull \hbox (badness 3803) in paragraph at lines 40--70
[]$[]$ $[]$
 []


Underfull \hbox (badness 3803) in paragraph at lines 40--70
[]$ $[]$
 []


LaTeX Warning: Float too large for page by 22.5052pt on input line 72.

File: ./fig/appendix/andr_gscore_ROC.pdf Graphic file (type pdf)
<./fig/appendix/andr_gscore_ROC.pdf>
File: ./fig/appendix/aofb_gscore_ROC.pdf Graphic file (type pdf)
 <./fig/appendix/aofb_gscore_ROC.pdf>
File: ./fig/appendix/bace1_gscore_ROC.pdf Graphic file (type pdf)

<./fig/appendix/bace1_gscore_ROC.pdf>
File: ./fig/appendix/braf_gscore_ROC.pdf Graphic file (type pdf)
 <./fig/appendix/braf_gscore_ROC.pdf>
File: ./fig/appendix/cah2_gscore_ROC.pdf Graphic file (type pdf)

<./fig/appendix/cah2_gscore_ROC.pdf>
File: ./fig/appendix/casp3_gscore_ROC.pdf Graphic file (type pdf)
 <./fig/appendix/casp3_gscore_ROC.pdf>
Underfull \hbox (badness 3803) in paragraph at lines 76--106
[]$[]$ $[]$
 []


Underfull \hbox (badness 3803) in paragraph at lines 76--106
[]$ $[]$
 []


LaTeX Warning: Float too large for page by 22.5052pt on input line 108.

File: ./fig/appendix/cdk2_gscore_ROC.pdf Graphic file (type pdf)
<./fig/appendix/cdk2_gscore_ROC.pdf>
File: ./fig/appendix/comt_gscore_ROC.pdf Graphic file (type pdf)
 <./fig/appendix/comt_gscore_ROC.pdf>
File: ./fig/appendix/cp2c9_gscore_ROC.pdf Graphic file (type pdf)

<./fig/appendix/cp2c9_gscore_ROC.pdf>
File: ./fig/appendix/cp3a4_gscore_ROC.pdf Graphic file (type pdf)
 <./fig/appendix/cp3a4_gscore_ROC.pdf>
File: ./fig/appendix/csf1r_gscore_ROC.pdf Graphic file (type pdf)

<./fig/appendix/csf1r_gscore_ROC.pdf>
File: ./fig/appendix/cxcr4_gscore_ROC.pdf Graphic file (type pdf)
 <./fig/appendix/cxcr4_gscore_ROC.pdf>
Underfull \hbox (badness 3803) in paragraph at lines 112--142
[]$[]$ $[]$
 []


Underfull \hbox (badness 3803) in paragraph at lines 112--142
[]$ $[]$
 []


LaTeX Warning: Float too large for page by 22.5052pt on input line 144.

File: ./fig/appendix/def_gscore_ROC.pdf Graphic file (type pdf)
<./fig/appendix/def_gscore_ROC.pdf>
File: ./fig/appendix/dhi1_gscore_ROC.pdf Graphic file (type pdf)
 <./fig/appendix/dhi1_gscore_ROC.pdf>
File: ./fig/appendix/dpp4_gscore_ROC.pdf Graphic file (type pdf)

<./fig/appendix/dpp4_gscore_ROC.pdf>
File: ./fig/appendix/drd3_gscore_ROC.pdf Graphic file (type pdf)
 <./fig/appendix/drd3_gscore_ROC.pdf>
File: ./fig/appendix/dyr_gscore_ROC.pdf Graphic file (type pdf)

<./fig/appendix/dyr_gscore_ROC.pdf>
File: ./fig/appendix/egfr_gscore_ROC.pdf Graphic file (type pdf)
 <./fig/appendix/egfr_gscore_ROC.pdf>
Underfull \hbox (badness 3803) in paragraph at lines 148--178
[]$[]$ $[]$
 []


Underfull \hbox (badness 3803) in paragraph at lines 148--178
[]$ $[]$
 []


LaTeX Warning: Float too large for page by 22.5052pt on input line 180.

File: ./fig/appendix/esr1_gscore_ROC.pdf Graphic file (type pdf)
<./fig/appendix/esr1_gscore_ROC.pdf>
File: ./fig/appendix/esr2_gscore_ROC.pdf Graphic file (type pdf)
 <./fig/appendix/esr2_gscore_ROC.pdf>
File: ./fig/appendix/fa10_gscore_ROC.pdf Graphic file (type pdf)

<./fig/appendix/fa10_gscore_ROC.pdf>
File: ./fig/appendix/fa7_gscore_ROC.pdf Graphic file (type pdf)
 <./fig/appendix/fa7_gscore_ROC.pdf>
File: ./fig/appendix/fabp4_gscore_ROC.pdf Graphic file (type pdf)

<./fig/appendix/fabp4_gscore_ROC.pdf>
File: ./fig/appendix/fak1_gscore_ROC.pdf Graphic file (type pdf)
 <./fig/appendix/fak1_gscore_ROC.pdf>
Underfull \hbox (badness 3803) in paragraph at lines 184--214
[]$[]$ $[]$
 []


Underfull \hbox (badness 3803) in paragraph at lines 184--214
[]$ $[]$
 []


LaTeX Warning: Float too large for page by 22.5052pt on input line 216.

File: ./fig/appendix/fgfr1_gscore_ROC.pdf Graphic file (type pdf)
<./fig/appendix/fgfr1_gscore_ROC.pdf>
File: ./fig/appendix/fkb1a_gscore_ROC.pdf Graphic file (type pdf)
 <./fig/appendix/fkb1a_gscore_ROC.pdf>
File: ./fig/appendix/fnta_gscore_ROC.pdf Graphic file (type pdf)

<./fig/appendix/fnta_gscore_ROC.pdf>
File: ./fig/appendix/fpps_gscore_ROC.pdf Graphic file (type pdf)
 <./fig/appendix/fpps_gscore_ROC.pdf>
File: ./fig/appendix/gcr_gscore_ROC.pdf Graphic file (type pdf)

<./fig/appendix/gcr_gscore_ROC.pdf>
File: ./fig/appendix/glcm_gscore_ROC.pdf Graphic file (type pdf)
 <./fig/appendix/glcm_gscore_ROC.pdf>
Underfull \hbox (badness 3803) in paragraph at lines 220--250
[]$[]$ $[]$
 []


Underfull \hbox (badness 3803) in paragraph at lines 220--250
[]$ $[]$
 []


LaTeX Warning: Float too large for page by 22.5052pt on input line 252.

File: ./fig/appendix/gria2_gscore_ROC.pdf Graphic file (type pdf)
<./fig/appendix/gria2_gscore_ROC.pdf>
File: ./fig/appendix/grik1_gscore_ROC.pdf Graphic file (type pdf)
 <./fig/appendix/grik1_gscore_ROC.pdf>
File: ./fig/appendix/hdac2_gscore_ROC.pdf Graphic file (type pdf)

<./fig/appendix/hdac2_gscore_ROC.pdf>
File: ./fig/appendix/hdac8_gscore_ROC.pdf Graphic file (type pdf)
 <./fig/appendix/hdac8_gscore_ROC.pdf>
File: ./fig/appendix/hivint_gscore_ROC.pdf Graphic file (type pdf)

<./fig/appendix/hivint_gscore_ROC.pdf>
File: ./fig/appendix/hivpr_gscore_ROC.pdf Graphic file (type pdf)
 <./fig/appendix/hivpr_gscore_ROC.pdf>
Underfull \hbox (badness 3803) in paragraph at lines 256--286
[]$[]$ $[]$
 []


Underfull \hbox (badness 3803) in paragraph at lines 256--286
[]$ $[]$
 []


LaTeX Warning: Float too large for page by 22.5052pt on input line 288.

File: ./fig/appendix/hivrt_gscore_ROC.pdf Graphic file (type pdf)
<./fig/appendix/hivrt_gscore_ROC.pdf>
File: ./fig/appendix/hmdh_gscore_ROC.pdf Graphic file (type pdf)
 <./fig/appendix/hmdh_gscore_ROC.pdf>
File: ./fig/appendix/hs90a_gscore_ROC.pdf Graphic file (type pdf)

<./fig/appendix/hs90a_gscore_ROC.pdf>
File: ./fig/appendix/hxk4_gscore_ROC.pdf Graphic file (type pdf)
 <./fig/appendix/hxk4_gscore_ROC.pdf>
File: ./fig/appendix/igf1r_gscore_ROC.pdf Graphic file (type pdf)

<./fig/appendix/igf1r_gscore_ROC.pdf>
File: ./fig/appendix/inha_gscore_ROC.pdf Graphic file (type pdf)
 <./fig/appendix/inha_gscore_ROC.pdf>
Underfull \hbox (badness 3803) in paragraph at lines 292--322
[]$[]$ $[]$
 []


Underfull \hbox (badness 3803) in paragraph at lines 292--322
[]$ $[]$
 []


LaTeX Warning: Float too large for page by 22.5052pt on input line 324.

File: ./fig/appendix/ital_gscore_ROC.pdf Graphic file (type pdf)
<./fig/appendix/ital_gscore_ROC.pdf>
File: ./fig/appendix/jak2_gscore_ROC.pdf Graphic file (type pdf)
 <./fig/appendix/jak2_gscore_ROC.pdf>
File: ./fig/appendix/kif11_gscore_ROC.pdf Graphic file (type pdf)

<./fig/appendix/kif11_gscore_ROC.pdf>
File: ./fig/appendix/kit_gscore_ROC.pdf Graphic file (type pdf)
 <./fig/appendix/kit_gscore_ROC.pdf>
File: ./fig/appendix/kith_gscore_ROC.pdf Graphic file (type pdf)

<./fig/appendix/kith_gscore_ROC.pdf>
File: ./fig/appendix/kpcb_gscore_ROC.pdf Graphic file (type pdf)
 <./fig/appendix/kpcb_gscore_ROC.pdf>
Underfull \hbox (badness 3803) in paragraph at lines 328--358
[]$[]$ $[]$
 []


Underfull \hbox (badness 3803) in paragraph at lines 328--358
[]$ $[]$
 []


LaTeX Warning: Float too large for page by 22.5052pt on input line 360.

File: ./fig/appendix/lck_gscore_ROC.pdf Graphic file (type pdf)
<./fig/appendix/lck_gscore_ROC.pdf>
File: ./fig/appendix/lkha4_gscore_ROC.pdf Graphic file (type pdf)
 <./fig/appendix/lkha4_gscore_ROC.pdf>
File: ./fig/appendix/mapk2_gscore_ROC.pdf Graphic file (type pdf)

<./fig/appendix/mapk2_gscore_ROC.pdf>
File: ./fig/appendix/mcr_gscore_ROC.pdf Graphic file (type pdf)
 <./fig/appendix/mcr_gscore_ROC.pdf>
File: ./fig/appendix/met_gscore_ROC.pdf Graphic file (type pdf)

<./fig/appendix/met_gscore_ROC.pdf>
File: ./fig/appendix/mk01_gscore_ROC.pdf Graphic file (type pdf)
 <./fig/appendix/mk01_gscore_ROC.pdf>
Underfull \hbox (badness 3803) in paragraph at lines 364--394
[]$[]$ $[]$
 []


Underfull \hbox (badness 3803) in paragraph at lines 364--394
[]$ $[]$
 []


LaTeX Warning: Float too large for page by 22.5052pt on input line 396.

File: ./fig/appendix/mk10_gscore_ROC.pdf Graphic file (type pdf)
<./fig/appendix/mk10_gscore_ROC.pdf>
File: ./fig/appendix/mk14_gscore_ROC.pdf Graphic file (type pdf)
 <./fig/appendix/mk14_gscore_ROC.pdf>
File: ./fig/appendix/mmp13_gscore_ROC.pdf Graphic file (type pdf)

<./fig/appendix/mmp13_gscore_ROC.pdf>
File: ./fig/appendix/mp2k1_gscore_ROC.pdf Graphic file (type pdf)
 <./fig/appendix/mp2k1_gscore_ROC.pdf>
File: ./fig/appendix/nos1_gscore_ROC.pdf Graphic file (type pdf)

<./fig/appendix/nos1_gscore_ROC.pdf>
File: ./fig/appendix/nram_gscore_ROC.pdf Graphic file (type pdf)
 <./fig/appendix/nram_gscore_ROC.pdf>
Underfull \hbox (badness 3803) in paragraph at lines 400--430
[]$[]$ $[]$
 []


Underfull \hbox (badness 3803) in paragraph at lines 400--430
[]$ $[]$
 []


LaTeX Warning: Float too large for page by 22.5052pt on input line 432.

File: ./fig/appendix/pa2ga_gscore_ROC.pdf Graphic file (type pdf)
<./fig/appendix/pa2ga_gscore_ROC.pdf>
File: ./fig/appendix/parp1_gscore_ROC.pdf Graphic file (type pdf)
 <./fig/appendix/parp1_gscore_ROC.pdf>
File: ./fig/appendix/pde5a_gscore_ROC.pdf Graphic file (type pdf)

<./fig/appendix/pde5a_gscore_ROC.pdf>
File: ./fig/appendix/pgh1_gscore_ROC.pdf Graphic file (type pdf)
 <./fig/appendix/pgh1_gscore_ROC.pdf>
File: ./fig/appendix/pgh2_gscore_ROC.pdf Graphic file (type pdf)

<./fig/appendix/pgh2_gscore_ROC.pdf>
File: ./fig/appendix/plk1_gscore_ROC.pdf Graphic file (type pdf)
 <./fig/appendix/plk1_gscore_ROC.pdf>
Underfull \hbox (badness 3803) in paragraph at lines 436--466
[]$[]$ $[]$
 []


Underfull \hbox (badness 3803) in paragraph at lines 436--466
[]$ $[]$
 []


LaTeX Warning: Float too large for page by 22.5052pt on input line 468.

File: ./fig/appendix/pnph_gscore_ROC.pdf Graphic file (type pdf)
<./fig/appendix/pnph_gscore_ROC.pdf>
File: ./fig/appendix/ppara_gscore_ROC.pdf Graphic file (type pdf)
 <./fig/appendix/ppara_gscore_ROC.pdf>
File: ./fig/appendix/ppard_gscore_ROC.pdf Graphic file (type pdf)

<./fig/appendix/ppard_gscore_ROC.pdf>
File: ./fig/appendix/pparg_gscore_ROC.pdf Graphic file (type pdf)
 <./fig/appendix/pparg_gscore_ROC.pdf>
File: ./fig/appendix/prgr_gscore_ROC.pdf Graphic file (type pdf)

<./fig/appendix/prgr_gscore_ROC.pdf>
File: ./fig/appendix/ptn1_gscore_ROC.pdf Graphic file (type pdf)
 <./fig/appendix/ptn1_gscore_ROC.pdf>
Underfull \hbox (badness 3803) in paragraph at lines 472--502
[]$[]$ $[]$
 []


Underfull \hbox (badness 3803) in paragraph at lines 472--502
[]$ $[]$
 []


LaTeX Warning: Float too large for page by 22.5052pt on input line 504.

File: ./fig/appendix/pur2_gscore_ROC.pdf Graphic file (type pdf)
<./fig/appendix/pur2_gscore_ROC.pdf>
File: ./fig/appendix/pygm_gscore_ROC.pdf Graphic file (type pdf)
 <./fig/appendix/pygm_gscore_ROC.pdf>
File: ./fig/appendix/pyrd_gscore_ROC.pdf Graphic file (type pdf)

<./fig/appendix/pyrd_gscore_ROC.pdf>
File: ./fig/appendix/reni_gscore_ROC.pdf Graphic file (type pdf)
 <./fig/appendix/reni_gscore_ROC.pdf>
File: ./fig/appendix/rock1_gscore_ROC.pdf Graphic file (type pdf)

<./fig/appendix/rock1_gscore_ROC.pdf>
File: ./fig/appendix/rxra_gscore_ROC.pdf Graphic file (type pdf)
 <./fig/appendix/rxra_gscore_ROC.pdf>
Underfull \hbox (badness 3803) in paragraph at lines 508--538
[]$[]$ $[]$
 []


Underfull \hbox (badness 3803) in paragraph at lines 508--538
[]$ $[]$
 []


LaTeX Warning: Float too large for page by 22.5052pt on input line 540.

File: ./fig/appendix/sahh_gscore_ROC.pdf Graphic file (type pdf)
<./fig/appendix/sahh_gscore_ROC.pdf>
File: ./fig/appendix/src_gscore_ROC.pdf Graphic file (type pdf)
 <./fig/appendix/src_gscore_ROC.pdf>
File: ./fig/appendix/tgfr1_gscore_ROC.pdf Graphic file (type pdf)

<./fig/appendix/tgfr1_gscore_ROC.pdf>
File: ./fig/appendix/thb_gscore_ROC.pdf Graphic file (type pdf)
 <./fig/appendix/thb_gscore_ROC.pdf>
File: ./fig/appendix/thrb_gscore_ROC.pdf Graphic file (type pdf)

<./fig/appendix/thrb_gscore_ROC.pdf>
File: ./fig/appendix/try1_gscore_ROC.pdf Graphic file (type pdf)
 <./fig/appendix/try1_gscore_ROC.pdf>
Underfull \hbox (badness 3803) in paragraph at lines 544--574
[]$[]$ $[]$
 []


Underfull \hbox (badness 3803) in paragraph at lines 544--574
[]$ $[]$
 []


LaTeX Warning: Float too large for page by 22.5052pt on input line 576.

File: ./fig/appendix/tryb1_gscore_ROC.pdf Graphic file (type pdf)
<./fig/appendix/tryb1_gscore_ROC.pdf>
File: ./fig/appendix/tysy_gscore_ROC.pdf Graphic file (type pdf)
 <./fig/appendix/tysy_gscore_ROC.pdf>
File: ./fig/appendix/urok_gscore_ROC.pdf Graphic file (type pdf)

<./fig/appendix/urok_gscore_ROC.pdf>
File: ./fig/appendix/vgfr2_gscore_ROC.pdf Graphic file (type pdf)
 <./fig/appendix/vgfr2_gscore_ROC.pdf>
File: ./fig/appendix/wee1_gscore_ROC.pdf Graphic file (type pdf)

<./fig/appendix/wee1_gscore_ROC.pdf>
File: ./fig/appendix/xiap_gscore_ROC.pdf Graphic file (type pdf)
 <./fig/appendix/xiap_gscore_ROC.pdf>
Underfull \hbox (badness 3803) in paragraph at lines 580--610
[]$[]$ $[]$
 []


Underfull \hbox (badness 3803) in paragraph at lines 580--610
[]$ $[]$
 []


LaTeX Warning: Float too large for page by 22.5052pt on input line 612.

) [53

] [54] [55] [56] [57] [58] [59] [60] [61] [62] [63] [64] [65] [66]
[67] [68] [69] [70] [71] [72] [73]) [74] (./main.aux)

LaTeX Font Warning: Some font shapes were not available, defaults substituted.

 ) 
Here is how much of TeX's memory you used:
 3068 strings out of 494001
 40211 string characters out of 6156041
 151573 words of memory out of 5000000
 6250 multiletter control sequences out of 15000+600000
 30512 words of font info for 119 fonts, out of 8000000 for 9000
 745 hyphenation exceptions out of 8191
 34i,15n,26p,329b,383s stack positions out of 5000i,500n,10000p,500000b,80000s

Output written on main.dvi (84 pages, 258544 bytes).
